[2024-06-04 08:33:44.956 AM] info: /api/v1/product/sku/one - 57e80e1e-54ec-4d5e-ad00-94c9d44774c1 - Input params - GET - {"productId":"543295","skuId":"543295.838872"}
[2024-06-04 08:33:44.999 AM] error: /api/v1/product/sku/one - 57e80e1e-54ec-4d5e-ad00-94c9d44774c1 - 500 - NaNms - Response: {"name":"TokenExpiredError","message":"jwt expired","expiredAt":"2024-04-19T04:03:45.000Z"} - {"message":"jwt expired"}
[2024-06-04 08:33:57.161 AM] info: /api/v1/shop/login - 00e8442d-642a-4252-a5da-b666631c7ceb - Input params - POST - {"email":"shopdev3@gamil.com","password":"abc123"}
[2024-06-04 08:34:18.345 AM] info: /api/v1/product/sku/one - 47730f8b-8df4-4ab3-b96d-03c01448b9c6 - Input params - GET - {"productId":"543295","skuId":"543295.838872"}
[2024-06-04 08:34:18.370 AM] error: /api/v1/product/sku/one - 47730f8b-8df4-4ab3-b96d-03c01448b9c6 - 500 - NaNms - Response: {"name":"JsonWebTokenError","message":"invalid signature"} - {"message":"invalid signature"}
[2024-06-04 08:34:42.832 AM] info: /api/v1/product/sku/one - ca8d6248-6134-4a41-8417-72d5f03cf484 - Input params - GET - {"productId":"543295","skuId":"543295.838872"}
[2024-06-04 08:34:48.849 AM] info: /api/v1/product/sku/one - 6fc88dc6-7027-4b00-9bc3-8c63854b568f - Input params - GET - {"productId":"543295","skuId":"543295.838872"}
[2024-06-04 08:34:53.935 AM] info: /api/v1/product/sku/one - 138972ce-af8f-4b82-8972-30a194990d21 - Input params - GET - {"productId":"543295","skuId":"543295.838872"}
[2024-06-04 08:34:55.159 AM] info: /api/v1/product/sku/one - f25c516b-4c24-4cd4-8ff7-160ff3162595 - Input params - GET - {"productId":"543295","skuId":"543295.838872"}
[2024-06-04 08:34:55.982 AM] info: /api/v1/product/sku/one - d5aa2bf2-0a48-4f78-9c13-2abd856bab34 - Input params - GET - {"productId":"543295","skuId":"543295.838872"}
[2024-06-04 08:34:56.851 AM] info: /api/v1/product/sku/one - 952fdcdb-3294-4fad-b694-6d6b39a6a690 - Input params - GET - {"productId":"543295","skuId":"543295.838872"}
[2024-06-04 08:34:57.962 AM] info: /api/v1/product/sku/one - 527bc80c-ba03-4f2c-b4c5-715d28bcb85b - Input params - GET - {"productId":"543295","skuId":"543295.838872"}
[2024-06-04 08:34:58.677 AM] info: /api/v1/product/sku/one - 39dad20c-3453-4743-b89a-e44ba5990361 - Input params - GET - {"productId":"543295","skuId":"543295.838872"}
[2024-06-04 08:34:59.477 AM] info: /api/v1/product/sku/one - 5dd5f8b4-dceb-4ea8-82ce-ab1f78ac9480 - Input params - GET - {"productId":"543295","skuId":"543295.838872"}
[2024-06-04 08:35:00.404 AM] info: /api/v1/product/sku/one - 6d7e795c-a4f7-4bc5-a607-93729654a354 - Input params - GET - {"productId":"543295","skuId":"543295.838872"}
[2024-06-04 08:35:01.096 AM] info: /api/v1/product/sku/one - 4a1207c6-2389-4b15-b541-44ba4130c3e7 - Input params - GET - {"productId":"543295","skuId":"543295.838872"}
[2024-06-04 08:35:01.679 AM] info: /api/v1/product/sku/one - b90e6571-49d2-4d89-a512-a8ee5d5b1407 - Input params - GET - {"productId":"543295","skuId":"543295.838872"}
[2024-06-04 08:35:02.295 AM] info: /api/v1/product/sku/one - 4f680fd5-f40b-4f14-b7a6-cf16b6913de7 - Input params - GET - {"productId":"543295","skuId":"543295.838872"}
[2024-06-04 08:35:02.874 AM] info: /api/v1/product/sku/one - 988d089e-1a4c-424b-9284-973bb874924f - Input params - GET - {"productId":"543295","skuId":"543295.838872"}
[2024-06-04 08:35:03.335 AM] info: /api/v1/product/sku/one - 800249f2-0aca-4418-a9bd-4272386eae2d - Input params - GET - {"productId":"543295","skuId":"543295.838872"}
[2024-06-04 08:35:04.773 AM] info: /api/v1/product/sku/one - a0a887cb-090f-4ef7-a184-aef633cad530 - Input params - GET - {"productId":"543295","skuId":"543295.838872"}
[2024-06-04 08:35:05.380 AM] info: /api/v1/product/sku/one - c6c73f8e-c354-4635-bb5d-b5844099efe2 - Input params - GET - {"productId":"543295","skuId":"543295.838872"}
[2024-06-04 08:35:05.983 AM] info: /api/v1/product/sku/one - 2d710e64-f0f1-43a5-a2a9-f915d1c12892 - Input params - GET - {"productId":"543295","skuId":"543295.838872"}
[2024-06-04 08:35:06.588 AM] info: /api/v1/product/sku/one - c8bf11f3-3b21-4bf7-a8cc-2b440e06b3c5 - Input params - GET - {"productId":"543295","skuId":"543295.838872"}
[2024-06-04 08:35:07.172 AM] info: /api/v1/product/sku/one - 488eb612-46e3-4f3b-8e3a-042f0f43092e - Input params - GET - {"productId":"543295","skuId":"543295.838872"}
[2024-06-04 08:37:13.037 AM] info: /api/v1/product/sku/one - 23cf21bf-d950-4b34-a156-059af2603c49 - Input params - GET - {"productId":"543295","skuId":"543295.838872"}
[2024-06-04 08:37:15.780 AM] info: /api/v1/product/sku/one - c277dae1-cb16-4ba1-9382-db3c6128995f - Input params - GET - {"productId":"543295","skuId":"543295.838872"}
[2024-06-04 08:37:22.068 AM] info: /api/v1/product/sku/one - 19a258a0-7b36-4894-a7f0-8434f6401610 - Input params - GET - {"productId":"543295","skuId":"543295.838872"}
[2024-06-04 08:37:23.217 AM] info: /api/v1/product/sku/one - 531c7a52-86f0-4079-aed8-71855b109a42 - Input params - GET - {"productId":"543295","skuId":"543295.838872"}
[2024-06-04 08:37:24.178 AM] info: /api/v1/product/sku/one - 6201c0cc-8c91-4eb7-b17c-bd51d4fb0901 - Input params - GET - {"productId":"543295","skuId":"543295.838872"}
[2024-06-04 08:37:25.058 AM] info: /api/v1/product/sku/one - f0bca9bb-e0cd-416a-bbad-9af2ab36a0c1 - Input params - GET - {"productId":"543295","skuId":"543295.838872"}
[2024-06-04 08:37:25.879 AM] info: /api/v1/product/sku/one - ceaedd0e-28cc-4b88-8c07-e4f8f8c8c681 - Input params - GET - {"productId":"543295","skuId":"543295.838872"}
[2024-06-04 08:37:26.647 AM] info: /api/v1/product/sku/one - d4b40a6c-e0e3-4228-ab45-a5d9982de3d8 - Input params - GET - {"productId":"543295","skuId":"543295.838872"}
[2024-06-04 08:49:23.956 AM] info: /api/v1/product/sku/one - d8c0b34b-30e3-44b5-91d9-09dc72c8b438 - Input params - GET - {"productId":"543295","skuId":"543295.838872"}
[2024-06-04 08:49:31.355 AM] info: /api/v1/product/sku/one - 78d5b16d-8206-41f5-8c44-fc666b8fd613 - Input params - GET - {"productId":"543295","skuId":"543295.838872"}
[2024-06-04 08:51:43.673 AM] info: /api/v1/product/sku/one - ca1cdc05-364c-4614-9360-e9cc078767f1 - Input params - GET - {"productId":"543295","skuId":"543295.838872"}
[2024-06-04 08:51:45.075 AM] info: /api/v1/product/sku/one - 3db0974b-5ef8-4eb5-950b-ffd34683784e - Input params - GET - {"productId":"543295","skuId":"543295.838872"}
[2024-06-04 08:55:13.604 AM] info: /api/v1/product/sku/one - a86f373d-b9ca-4c9c-bba3-fe5f3f55e623 - Input params - GET - {"productId":"543295","skuId":"543295.838872"}
[2024-06-04 08:55:42.708 AM] info: /api/v1/product/sku/one - afb77c32-4739-48df-a80c-56b4d6a87411 - Input params - GET - {"productId":"543295","skuId":"543295.838872"}
[2024-06-04 08:55:47.366 AM] info: /api/v1/product/sku/one - df5e844b-5623-4734-8234-aee204698b72 - Input params - GET - {"productId":"543295","skuId":"543295.838872"}
[2024-06-04 08:55:52.329 AM] info: /api/v1/product/sku/one - 74777012-739e-4b50-8ef1-f2fe111f946f - Input params - GET - {"productId":"543295","skuId":"543295.838872"}
[2024-06-04 08:55:54.417 AM] info: /api/v1/product/sku/one - 89d2c222-5e3e-4dcc-a5a7-80bf36015109 - Input params - GET - {"productId":"543295","skuId":"543295.838872"}
[2024-06-04 08:55:55.220 AM] info: /api/v1/product/sku/one - 4ad07bdb-d113-48a7-a9ad-09d468bba426 - Input params - GET - {"productId":"543295","skuId":"543295.838872"}
[2024-06-04 08:55:55.940 AM] info: /api/v1/product/sku/one - fc78c7f1-846f-4ed2-a7c8-865b4836d473 - Input params - GET - {"productId":"543295","skuId":"543295.838872"}
[2024-06-04 08:55:56.632 AM] info: /api/v1/product/sku/one - ce2b3914-c401-4107-9f54-f418e8f8e9a2 - Input params - GET - {"productId":"543295","skuId":"543295.838872"}
[2024-06-04 08:55:57.348 AM] info: /api/v1/product/sku/one - a060f16a-62a2-41e7-bafe-fa339921da84 - Input params - GET - {"productId":"543295","skuId":"543295.838872"}
[2024-06-04 08:55:58.282 AM] info: /api/v1/product/sku/one - abc657f0-76cc-449c-ad21-e47d90c5fc93 - Input params - GET - {"productId":"543295","skuId":"543295.838872"}
[2024-06-04 08:55:58.930 AM] info: /api/v1/product/sku/one - 16da5bbb-f6d0-4511-a40a-51f0b93d9a91 - Input params - GET - {"productId":"543295","skuId":"543295.838872"}
[2024-06-04 08:55:59.524 AM] info: /api/v1/product/sku/one - 163589f5-d549-40ee-b9de-0da270d36309 - Input params - GET - {"productId":"543295","skuId":"543295.838872"}
