[2024-04-07 12:07:10.236 PM] info: /api/v1/user/register - 8b651e86-b56e-4ffc-a617-4b30a3950ce3 - Input params - POST - {"email":"hieumxde170524@fpt.edu.vn"}
[2024-04-07 12:07:22.260 PM] info: /api/v1/user/welcome-back - a13df2e3-d734-4985-b6c9-486de47ae5a8 - Input params - GET - {"token":"917417777"}
[2024-04-07 12:07:22.335 PM] info: /favicon.ico - f3b4c3a3-0543-4300-a833-85ab919677ad - Input params - GET - {}
[2024-04-07 12:07:30.318 PM] info: /api/v1/user/welcome-back - 035bb97e-ac57-42a6-b706-f86ddfc85bc5 - Input params - GET - {"token":"917417777"}
[2024-04-07 12:07:30.339 PM] error: /api/v1/user/welcome-back - 035bb97e-ac57-42a6-b706-f86ddfc85bc5 - 500 - NaNms - Response: {} - {"message":"data and salt arguments required"}
[2024-04-07 12:08:46.489 PM] info: /api/v1/user/welcome-back - 6e7136fb-631a-4614-9af9-e337f9fe62df - Input params - GET - {"token":"917417777"}
[2024-04-07 12:08:46.498 PM] error: /api/v1/user/welcome-back - 6e7136fb-631a-4614-9af9-e337f9fe62df - 500 - NaNms - Response: {} - {"message":"data and salt arguments required"}
[2024-04-07 12:08:48.251 PM] info: /api/v1/user/welcome-back - 64bf36e0-aa58-4ae7-aaa7-12b08bf8e5be - Input params - GET - {"token":"917417777"}
[2024-04-07 12:08:48.280 PM] error: /api/v1/user/welcome-back - 64bf36e0-aa58-4ae7-aaa7-12b08bf8e5be - 500 - NaNms - Response: {} - {"message":"data and salt arguments required"}
[2024-04-07 12:10:44.366 PM] info: /api/v1/user/welcome-back - 730c2ff4-1c4d-4f14-b0c7-ee9567016e83 - Input params - GET - {"token":"917417777"}
[2024-04-07 12:11:47.131 PM] info: /api/v1/user/register - 261e76d6-37a7-40f5-89b3-6c1cf174f0fc - Input params - POST - {"email":"hieumxde170524@fpt.edu.vn"}
[2024-04-07 12:11:57.796 PM] info: /api/v1/user/welcome-back - f45b5bfa-1db3-499a-b7c3-6f76b544d949 - Input params - GET - {"token":"3504987807"}
[2024-04-07 12:11:57.866 PM] info: /favicon.ico - 364f219e-60d0-4066-bebd-48a9f339ce67 - Input params - GET - {}
[2024-04-07 12:12:07.260 PM] info: /api/v1/user/welcome-back - 3a580215-5826-408e-b61c-4875b6c52bee - Input params - GET - {"token":"3504987807"}
[2024-04-07 12:12:46.503 PM] info: /api/v1/user/register - d9f2a143-2cf8-4829-9ae8-00e427ce9e12 - Input params - POST - {"email":"hieumxde170524@fpt.edu.vn"}
[2024-04-07 12:12:46.972 PM] info: /api/v1/user/register - 4b63f941-17c9-487c-8a55-226bf0c966e9 - Input params - POST - {"email":"hieumxde170524@fpt.edu.vn"}
[2024-04-07 12:12:57.915 PM] info: /api/v1/user/welcome-back - eade3c81-b10e-4fa9-850c-7e12834d8c76 - Input params - GET - {"token":"1834137999"}
[2024-04-07 12:12:57.982 PM] info: /favicon.ico - afb0fba5-1df3-4c21-a8af-dbb2ea95109a - Input params - GET - {}
[2024-04-07 12:13:14.597 PM] info: /api/v1/user/welcome-back - 76c5206a-f558-4f6b-ba0c-dd6925aad5e0 - Input params - GET - {"token":"1834137999"}
[2024-04-07 12:15:14.379 PM] info: /api/v1/user/register - f9cc242a-5d59-4b53-aa64-4eaf175a3fca - Input params - POST - {"email":"hieumxde170524@fpt.edu.vn"}
[2024-04-07 12:15:23.234 PM] info: /api/v1/user/welcome-back - 0091e1e8-4488-4fe3-b8d5-bf9d4a91881d - Input params - GET - {"token":"3437312335"}
[2024-04-07 12:15:23.300 PM] info: /favicon.ico - eafaaa1d-60a8-4ceb-b69e-21c338c6a93d - Input params - GET - {}
[2024-04-07 12:15:29.790 PM] info: /api/v1/user/welcome-back - 479c83e2-8d8f-4135-8bbd-29ea5395db96 - Input params - GET - {"token":"3437312335"}
[2024-04-07 12:16:08.321 PM] info: /api/v1/user/register - b7a9edbe-6950-4ed7-8f40-f0dc49a9d15d - Input params - POST - {"email":"hieumxde170524@fpt.edu.vn"}
[2024-04-07 12:16:08.934 PM] info: /api/v1/user/register - 7d84e312-46f8-4546-9ddf-cf4bc5b9c1cc - Input params - POST - {"email":"hieumxde170524@fpt.edu.vn"}
[2024-04-07 12:16:27.839 PM] info: /api/v1/user/welcome-back - 799a6dc2-dc69-4920-9e1c-3c755cd6a554 - Input params - GET - {"token":"1109552603"}
[2024-04-07 12:16:27.912 PM] info: /favicon.ico - 2c76beba-96d3-470d-90f2-d43f1e195475 - Input params - GET - {}
[2024-04-07 12:16:44.804 PM] info: /api/v1/user/welcome-back - 7b063978-e90b-41b1-bc28-bd95e121c36f - Input params - GET - {"token":"1109552603"}
[2024-04-07 12:17:40.362 PM] info: /api/v1/user/register - baca27de-963a-42e6-8c4d-9cae63bafc25 - Input params - POST - {"email":"hieumxde170524@fpt.edu.vn"}
[2024-04-07 12:17:54.303 PM] info: /api/v1/user/welcome-back - d7ab3e33-8214-407d-b41f-4596644fa645 - Input params - GET - {"token":"4219811461"}
[2024-04-07 12:17:54.369 PM] info: /favicon.ico - 5937b549-5547-422d-8e0e-5ff9a2fbcbc5 - Input params - GET - {}
[2024-04-07 12:18:06.820 PM] info: /api/v1/user/welcome-back - a482f610-e1d9-4da0-bc46-b55900d80867 - Input params - GET - {"token":"4219811461"}
[2024-04-07 12:18:55.321 PM] info: /api/v1/user/register - e758fdde-42e1-4cbc-bfab-82b85205668b - Input params - POST - {"email":"hieumxde170524@fpt.edu.vn"}
[2024-04-07 12:19:06.555 PM] info: /api/v1/user/welcome-back - ab6120cc-23fb-411a-aef0-34ffabf2c488 - Input params - GET - {"token":"3119609430"}
[2024-04-07 12:19:06.575 PM] error: /api/v1/user/welcome-back - ab6120cc-23fb-411a-aef0-34ffabf2c488 - 500 - NaNms - Response: {} - {"message":"email is not defined"}
[2024-04-07 12:20:36.450 PM] info: /api/v1/user/register - 657c3967-e912-421e-a93f-75266e453ca3 - Input params - POST - {"email":"hieumxde170524@fpt.edu.vn"}
[2024-04-07 12:20:50.255 PM] info: /api/v1/user/welcome-back - 8365d992-b8f4-47b9-92f2-a9daaa60469b - Input params - GET - {"token":"537225061"}
[2024-04-07 12:25:04.408 PM] info: /api/v1/user/register - f3f00b4b-bec8-4961-acf7-f9e39fcf3ad3 - Input params - POST - {"email":"hieumxde170524@fpt.edu.vn"}
[2024-04-07 12:25:17.432 PM] info: /api/v1/user/welcome-back - 1a221fcc-70ab-4a9c-a218-65722770efd3 - Input params - GET - {"token":"3110990880"}
[2024-04-07 12:26:36.878 PM] info: /api/v1/user/register - 54ce888a-b6bb-4753-9618-988ae7f8274f - Input params - POST - {"email":"hieumxde170524@fpt.edu.vn"}
[2024-04-07 12:26:51.323 PM] info: /api/v1/user/welcome-back - 04c03dc5-8ccb-4661-b935-4680f81e32e7 - Input params - GET - {"token":"3248470390"}
[2024-04-07 12:27:29.690 PM] info: /api/v1/user/register - 58cdd09e-8c81-41ae-8e44-9e1cc757b1ed - Input params - POST - {"email":"hieumxde170524@fpt.edu.vn"}
[2024-04-07 12:27:42.024 PM] info: /api/v1/user/welcome-back - 0cd71b17-5551-4103-b85d-6c558f4d695d - Input params - GET - {"token":"3142008156"}
[2024-04-07 12:28:33.603 PM] info: /api/v1/user/register - c559a04e-7adf-42ed-acc4-69447345fef5 - Input params - POST - {"email":"hieumxde170524@fpt.edu.vn"}
[2024-04-07 12:28:33.612 PM] error: /api/v1/user/register - c559a04e-7adf-42ed-acc4-69447345fef5 - 500 - NaNms - Response: {} - {"message":"Class constructor BadRequestError cannot be invoked without 'new'"}
[2024-04-07 12:29:41.900 PM] info: /api/v1/user/register - df3a0b1f-a6f3-43b2-bf90-ab3419f34814 - Input params - POST - {"email":"hieumxde170524@fpt.edu.vn"}
[2024-04-07 12:29:41.909 PM] error: /api/v1/user/register - df3a0b1f-a6f3-43b2-bf90-ab3419f34814 - 500 - NaNms - Response: {} - {"message":"Class constructor BadRequestError cannot be invoked without 'new'"}
[2024-04-07 12:29:50.161 PM] info: /api/v1/user/register - c790b40f-f5b8-4c3f-9661-c51b1f8dc910 - Input params - POST - {"email":"hieumxde170524@fpt.edu.vn"}
[2024-04-07 12:29:50.171 PM] error: /api/v1/user/register - c790b40f-f5b8-4c3f-9661-c51b1f8dc910 - 500 - NaNms - Response: {} - {"message":"Class constructor BadRequestError cannot be invoked without 'new'"}
[2024-04-07 12:30:28.102 PM] info: /api/v1/user/register - 524404b8-4104-4ce2-bc72-e638fbd2a488 - Input params - POST - {"email":"hieumxde170524@fpt.edu.vn"}
[2024-04-07 12:30:28.110 PM] error: /api/v1/user/register - 524404b8-4104-4ce2-bc72-e638fbd2a488 - 500 - NaNms - Response: {} - {"message":"Class constructor BadRequestError cannot be invoked without 'new'"}
[2024-04-07 12:30:43.300 PM] info: /api/v1/user/register - 506c2e2a-0a19-4845-99d0-27e83a919d70 - Input params - POST - {"email":"hieumxde170524@fpt.edu.vn"}
[2024-04-07 12:30:43.308 PM] error: /api/v1/user/register - 506c2e2a-0a19-4845-99d0-27e83a919d70 - 500 - NaNms - Response: {} - {"message":"Class constructor BadRequestError cannot be invoked without 'new'"}
[2024-04-07 12:31:28.158 PM] info: /api/v1/user/register - cda42b1e-ba8b-4113-bb52-5d86195dbce9 - Input params - POST - {"email":"hieumxde170524@fpt.edu.vn"}
[2024-04-07 12:31:28.167 PM] error: /api/v1/user/register - cda42b1e-ba8b-4113-bb52-5d86195dbce9 - 400 - 0ms - Response: {"statusCode":400,"now":1712467888167} - {"message":"Email already exist"}
[2024-04-07 12:31:50.250 PM] info: /api/v1/user/register - 9da118a7-2fa2-455d-ba1a-30f01dc2614f - Input params - POST - {"email":"hieumxde170524@fpt.edu.vn"}
[2024-04-07 12:32:06.732 PM] info: /api/v1/user/welcome-back - 3805a088-b3a5-4402-a9bb-d46dafc0a419 - Input params - GET - {"token":"4240239804"}
