[2024-04-05 11:00:53.497 AM] info: /api/v1/email/new-template - 237f46c2-7e86-4a84-8efc-7bc8128a3d55 - Input params - POST - {"templateId":1001,"templateName":"Template confirm email"}
[2024-04-05 11:01:19.145 AM] info: /api/v1/user/register - 09ef119d-c5ae-4b64-8a7b-34bd7bff3e47 - Input params - POST - {"email":"service.hiumx@gmail.com"}
[2024-04-05 11:03:05.508 AM] info: /api/v1/user/register - 1d00769e-74c0-4859-82cf-3983e576a477 - Input params - POST - {"email":"hiumxde170524@fpt.edu.vn"}
[2024-04-05 11:03:54.725 AM] info: /api/v1/user/register - 96a03c66-74a1-4669-a7a7-915799550150 - Input params - POST - {"email":"hiumxde170524@fpt.edu.vn"}
[2024-04-05 11:04:47.482 AM] info: /api/v1/user/register - 91127540-6492-4add-99c6-ec31ce031ab0 - Input params - POST - {"email":"hiumxde170524@fpt.edu.vn"}
[2024-04-05 11:05:36.045 AM] info: /api/v1/user/register - d765d36e-182d-4fba-b0cd-5eac16866547 - Input params - POST - {"email":"hiumxde170524@fpt.edu.vn"}
[2024-04-05 11:05:57.299 AM] info: /api/v1/user/register - e64bca70-517e-4c40-b11c-a38b846420bc - Input params - POST - {"email":"hiumxde170524@fpt.edu.vn"}
[2024-04-05 11:06:46.574 AM] info: /api/v1/user/register - 2ab7f5ed-c079-4758-a99f-53963056d50e - Input params - POST - {"email":"hiumxde170524@fpt.edu.vn"}
[2024-04-05 11:07:27.630 AM] info: /api/v1/user/register - 54808bab-50f0-429a-b132-4b4e2c3bb9a9 - Input params - POST - {"email":"hiumxde170524@fpt.edu.vn"}
[2024-04-05 11:08:18.438 AM] info: /api/v1/user/register - 079f13fa-d72e-46ce-913a-78889a180f3a - Input params - POST - {"email":"hiumxde170524@fpt.edu.vn"}
[2024-04-05 11:09:49.428 AM] info: /api/v1/user/register - 9e1e8163-6ab1-47db-aaf4-490109d5a352 - Input params - POST - {"email":"hiumxde170524@fpt.edu.vn"}
[2024-04-05 11:10:57.706 AM] info: /api/v1/user/register - 7a59bbe4-76e8-4f64-a15f-960ff4f48bea - Input params - POST - {"email":"hiumxde170524@fpt.edu.vn"}
[2024-04-05 11:11:27.472 AM] info: /api/v1/user/register - 48f6ad1a-a422-4acb-a5ab-02d6bc8630de - Input params - POST - {"email":"hiumxde170524@fpt.edu.vn"}
[2024-04-05 11:11:53.516 AM] info: /api/v1/user/register - a29b544c-2438-41f4-b3ec-5e3abda2ae2e - Input params - POST - {"email":"hiumxde170524@fpt.edu.vn"}
[2024-04-05 11:15:03.802 AM] info: /api/v1/user/register - 7467ea86-0e84-46b6-acd8-f0a01f65d366 - Input params - POST - {"email":"hiumxde170524@fpt.edu.vn"}
[2024-04-05 11:18:13.045 AM] info: /api/v1/user/register - a42fd881-af6a-4701-a81f-be4935e9208f - Input params - POST - {"email":"hiumxde170524@fpt.edu.vn"}
[2024-04-05 11:26:22.105 AM] info: /api/v1/user/register - 585dcb8f-9c37-40b5-88ad-69549e02c883 - Input params - POST - {"email":"hiumxde170524@fpt.edu.vn"}
[2024-04-05 11:26:59.401 AM] info: /api/v1/user/register - 721d394f-b19b-4a2a-b415-2e7dc93548a0 - Input params - POST - {"email":"hiumxde170524@fpt.edu.vn"}
[2024-04-05 11:30:05.177 AM] info: /api/v1/user/register - 13ed7607-7c77-4179-8deb-d9349052b976 - Input params - POST - {"email":"hiumxde170524@fpt.edu.vn"}
[2024-04-05 11:30:35.023 AM] info: /api/v1/user/register - c6c8bb3b-537c-4d06-b8f3-e2d862be0b53 - Input params - POST - {"email":"hieumxde170524@fpt.edu.vn"}
[2024-04-05 11:30:58.930 AM] info: /api/v1/user/register - 290dbeb1-a3df-4b97-b5d4-93b8f7f22116 - Input params - POST - {"email":"hieumxde170524@fpt.edu.vn"}
[2024-04-05 11:31:23.900 AM] info: /api/v1/user/register - c8528f31-20aa-4f43-aea4-cfa7b3cb3c39 - Input params - POST - {"email":"hieumxde170524@fpt.edu.vn"}
[2024-04-05 11:31:49.952 AM] info: /api/v1/user/register - 15da8b96-5914-4115-abb8-8bd291a3b88e - Input params - POST - {"email":"hieumxde170524@fpt.edu.vn"}
[2024-04-05 11:33:05.465 AM] info: /api/v1/user/register - f871296b-8660-4379-9c86-02ec0f0136b1 - Input params - POST - {"email":"hieumxde170524@fpt.edu.vn"}
[2024-04-05 11:33:48.022 AM] info: /api/v1/user/register - bc7562f7-148e-42c6-98c1-5682eab88651 - Input params - POST - {"email":"hieumxde170524@fpt.edu.vn"}
[2024-04-05 11:34:12.699 AM] info: /api/v1/user/register - 1bd9088a-2fe0-47ee-971f-81ffee33a8d0 - Input params - POST - {"email":"hieumxde170524@fpt.edu.vn"}
[2024-04-05 11:35:22.535 AM] info: /cpg/welcome-back - a63e3bd2-fae1-45cb-a4dc-1d7b0320f73c - Input params - GET - {"token":"3728826325"}
[2024-04-05 11:35:22.638 AM] info: /favicon.ico - bbcc9edb-a441-4ced-8e0e-0f57be52606c - Input params - GET - {}
[2024-04-05 11:35:33.321 AM] info: /api/v1/user/register - bc793216-d1b5-4544-8f8f-5a79c9991030 - Input params - POST - {"email":"hieumxde170524@fpt.edu.vn"}
[2024-04-05 11:35:44.756 AM] info: /cpg/welcome-back - 90f08315-0b19-4fb2-aeeb-a60dd55a7a13 - Input params - GET - {"token":"2728831798"}
[2024-04-05 11:35:44.856 AM] info: /favicon.ico - 71a758b0-9a25-416a-a6da-8fbfe435f0d0 - Input params - GET - {}
[2024-04-05 11:36:03.714 AM] info: /api/v1/user/register - 2e989855-ec51-4168-8ea8-a1ef32e7b339 - Input params - POST - {"email":"hieumxde170524@fpt.edu.vn"}
[2024-04-05 11:36:31.133 AM] info: /api/v1/user/register - 441f0307-7478-48e5-bcfc-d22768807dfe - Input params - POST - {"email":"hieumxde170524@fpt.edu.vn"}
[2024-04-05 11:37:10.352 AM] info: /api/v1/user/register - 55726235-2661-47f4-beb4-b527087b96ed - Input params - POST - {"email":"hieumxde170524@fpt.edu.vn"}
[2024-04-05 11:37:10.929 AM] info: /api/v1/user/register - 1edc1501-a6ad-48a0-8a0a-898f10d49d7b - Input params - POST - {"email":"hieumxde170524@fpt.edu.vn"}
[2024-04-05 11:37:41.375 AM] info: /cpg/welcome-back - b411a74e-df2c-4f01-9be2-0b0332c3b4e8 - Input params - GET - {"token":"3844732163"}
[2024-04-05 11:37:41.474 AM] info: /favicon.ico - bfc6589f-ae2c-47e3-8db1-cf7d5fe8a046 - Input params - GET - {}
